Networking/NetworkingAndroidHttpClient/app/build/intermediates/manifest_merge_blame_file/debug/manifest-merger-blame-debug-report.txt
1<?xml version="1.0" encoding="utf-8"?>
2<manifest xmlns:android="http://schemas.android.com/apk/res/android"
3    package="course.examples.networking.androidhttpclient"
4    android:versionCode="1"
5    android:versionName="1.0" >
6
7    <uses-sdk
8        android:minSdkVersion="23"
8-->src\main\AndroidManifest.xml
9        android:targetSdkVersion="28" />
9-->src\main\AndroidManifest.xml
10
11    <uses-permission android:name="android.permission.INTERNET" >
11-->src\main\AndroidManifest.xml:7:5-8:23
11-->src\main\AndroidManifest.xml:7:22-64
12    </uses-permission>
13
14    <application
14-->src\main\AndroidManifest.xml:10:5-29:19
15        android:allowBackup="false"
15-->src\main\AndroidManifest.xml:11:9-36
16        android:debuggable="true"
17        android:extractNativeLibs="false"
18        android:icon="@drawable/ic_launcher"
18-->src\main\AndroidManifest.xml:13:9-45
19        android:label="@string/app_name"
19-->src\main\AndroidManifest.xml:14:9-41
20        android:testOnly="true"
21        android:usesCleartextTraffic="true" >
21-->src\main\AndroidManifest.xml:12:9-44
22        <activity
22-->src\main\AndroidManifest.xml:15:9-23:20
23            android:name="course.examples.networking.androidhttpclient.NetworkingAndroidHttpClientActivity"
23-->src\main\AndroidManifest.xml:16:13-108
24            android:label="@string/app_name" >
24-->src\main\AndroidManifest.xml:17:13-45
25            <intent-filter>
25-->src\main\AndroidManifest.xml:18:13-22:29
26                <action android:name="android.intent.action.MAIN" />
26-->src\main\AndroidManifest.xml:19:17-69
26-->src\main\AndroidManifest.xml:19:25-66
27
28                <category android:name="android.intent.category.LAUNCHER" />
28-->src\main\AndroidManifest.xml:21:17-77
28-->src\main\AndroidManifest.xml:21:27-74
29            </intent-filter>
30        </activity>
31
32        <uses-library
32-->src\main\AndroidManifest.xml:25:9-27:40
33            android:name="org.apache.http.legacy"
33-->src\main\AndroidManifest.xml:26:13-50
34            android:required="false" />
34-->src\main\AndroidManifest.xml:27:13-37
35    </application>
36
37</manifest>